<?xml version="1.0" encoding="UTF-8"?>
<testng-results skipped="0" failed="0" ignored="0" total="1" passed="1">
  <reporter-output>
  </reporter-output>
  <suite name="Default suite" duration-ms="4588" started-at="2020-10-06T09:04:24Z" finished-at="2020-10-06T09:04:29Z">
    <groups>
    </groups>
    <test name="Default test" duration-ms="4588" started-at="2020-10-06T09:04:24Z" finished-at="2020-10-06T09:04:29Z">
      <class name="com.cjc.Demo">
        <test-method status="PASS" signature="getDetails()[pri:0, instance:com.cjc.Demo@29ee9faa]" name="getDetails" duration-ms="4540" started-at="2020-10-06T09:04:24Z" finished-at="2020-10-06T09:04:29Z">
          <reporter-output>
          </reporter-output>
        </test-method> <!-- getDetails -->
      </class> <!-- com.cjc.Demo -->
    </test> <!-- Default test -->
  </suite> <!-- Default suite -->
</testng-results>
